0 info it worked if it ends with ok
1 verbose cli [ 'I:\\Program Files\\nodejs\\node.exe',
1 verbose cli   'C:\\Users\\Wang\\AppData\\Roaming\\npm\\node_modules\\npm\\bin\\npm-cli.js',
1 verbose cli   'run',
1 verbose cli   'reset-db' ]
2 info using npm@3.8.1
3 info using node@v7.2.1
4 verbose run-script [ 'prereset-db', 'reset-db', 'postreset-db' ]
5 info lifecycle koa-skeleton@2.0.0~prereset-db: koa-skeleton@2.0.0
6 silly lifecycle koa-skeleton@2.0.0~prereset-db: no script for prereset-db, continuing
7 info lifecycle koa-skeleton@2.0.0~reset-db: koa-skeleton@2.0.0
8 verbose lifecycle koa-skeleton@2.0.0~reset-db: unsafe-perm in lifecycle true
9 verbose lifecycle koa-skeleton@2.0.0~reset-db: PATH: C:\Users\Wang\AppData\Roaming\npm\node_modules\npm\bin\node-gyp-bin;G:\Codes\NodeJs\koa-skeleton\node_modules\.bin;I:\Program Files\nodejs;C:\Users\Wang\Downloads\cmder\bin;C:\Users\Wang\Downloads\cmder\vendor\git-for-windows\bin;C:\Users\Wang\Downloads\cmder\vendor\git-for-windows\usr\bin;C:\Users\Wang\Downloads\cmder\vendor\git-for-windows\share\vim\vim74;C:\Users\Wang\Downloads\cmder\vendor\conemu-maximus5;C:\Users\Wang\Downloads\cmder\vendor\conemu-maximus5\ConEmu;C:\Python27\;C:\Python27\Scripts;C:\Python34;C:\Python34\Lib\site-packages\PyQt4;C:\ProgramData\Oracle\Java\javapath;C:\Python34\Scripts;C:\Windows\system32;C:\Windows;C:\Windows\System32\Wbem;C:\Windows\System32\WindowsPowerShell\v1.0\;C:\Program Files\Microsoft SQL Server\100\Tools\Binn\;C:\Program Files\Microsoft SQL Server\100\DTS\Binn\;C:\Program Files\Microsoft SQL Server\110\Tools\Binn\;C:\Program Files (x86)\Microsoft SDKs\TypeScript\1.0\;C:\Program Files\Microsoft SQL Server\120\Tools\Binn\;C:\Program Files (x86)\NVIDIA Corporation\PhysX\Common;I:\Program Files\Java\jdk1.8.0_51\bin;I:\Program Files (x86)\Git\cmd;%USERPROFILE%\.dnx\bin;C:\Program Files\Microsoft DNX\Dnvm\;I:\Program Files\Redis\;C:\Program Files\TortoiseSVN\bin;I:\Program Files\wkhtmltopdf\bin;I:\Program Files\nodejs\;I:\Program Files\Git\cmd;I:\Program Files\R\R-3.2.1\bin\i386\;G:\Dropbox\Dropbox\Python;C:\Users\Wang\AppData\Local\atom\bin;C:\Users\Wang\AppData\Local\.meteor\;I:\Program Files (x86)\CMake\bin\;I:\Program Files (x86)\Microsoft Visual Studio 14.0\VC\bin\;I:\Program Files (x86)\Microsoft VS Code\bin;I:\Program Files\wkhtmltopdf\bin;C:\Users\Wang\AppData\Roaming\npm;I:\Program Files\PostgreSQL\9.4\bin;C:\Users\Wang\Downloads\cmder
10 verbose lifecycle koa-skeleton@2.0.0~reset-db: CWD: G:\Codes\NodeJs\koa-skeleton
11 silly lifecycle koa-skeleton@2.0.0~reset-db: Args: [ '/d /s /c',
11 silly lifecycle   'psql -d koa-skeleton -f sql/schema.sql && psql -d koa-skeleton -f sql/seeds.sql' ]
12 silly lifecycle koa-skeleton@2.0.0~reset-db: Returned: code: 2  signal: null
13 info lifecycle koa-skeleton@2.0.0~reset-db: Failed to exec reset-db script
14 verbose stack Error: koa-skeleton@2.0.0 reset-db: `psql -d koa-skeleton -f sql/schema.sql && psql -d koa-skeleton -f sql/seeds.sql`
14 verbose stack Exit status 2
14 verbose stack     at EventEmitter.<anonymous> (C:\Users\Wang\AppData\Roaming\npm\node_modules\npm\lib\utils\lifecycle.js:239:16)
14 verbose stack     at emitTwo (events.js:106:13)
14 verbose stack     at EventEmitter.emit (events.js:191:7)
14 verbose stack     at ChildProcess.<anonymous> (C:\Users\Wang\AppData\Roaming\npm\node_modules\npm\lib\utils\spawn.js:24:14)
14 verbose stack     at emitTwo (events.js:106:13)
14 verbose stack     at ChildProcess.emit (events.js:191:7)
14 verbose stack     at maybeClose (internal/child_process.js:885:16)
14 verbose stack     at Process.ChildProcess._handle.onexit (internal/child_process.js:226:5)
15 verbose pkgid koa-skeleton@2.0.0
16 verbose cwd G:\Codes\NodeJs\koa-skeleton
17 error Windows_NT 6.1.7601
18 error argv "I:\\Program Files\\nodejs\\node.exe" "C:\\Users\\Wang\\AppData\\Roaming\\npm\\node_modules\\npm\\bin\\npm-cli.js" "run" "reset-db"
19 error node v7.2.1
20 error npm  v3.8.1
21 error code ELIFECYCLE
22 error koa-skeleton@2.0.0 reset-db: `psql -d koa-skeleton -f sql/schema.sql && psql -d koa-skeleton -f sql/seeds.sql`
22 error Exit status 2
23 error Failed at the koa-skeleton@2.0.0 reset-db script 'psql -d koa-skeleton -f sql/schema.sql && psql -d koa-skeleton -f sql/seeds.sql'.
23 error Make sure you have the latest version of node.js and npm installed.
23 error If you do, this is most likely a problem with the koa-skeleton package,
23 error not with npm itself.
23 error Tell the author that this fails on your system:
23 error     psql -d koa-skeleton -f sql/schema.sql && psql -d koa-skeleton -f sql/seeds.sql
23 error You can get information on how to open an issue for this project with:
23 error     npm bugs koa-skeleton
23 error Or if that isn't available, you can get their info via:
23 error     npm owner ls koa-skeleton
23 error There is likely additional logging output above.
24 verbose exit [ 1, true ]
